DEBUG 2022-03-06 06:07:47.655 UTC: 	 CRAB Client version: v3.220210
DEBUG 2022-03-06 06:07:47.655 UTC: 	 Running on: Linux lxplus706.cern.ch 3.10.0-1160.53.1.el7.x86_64 #1 SMP Fri Jan 14 13:59:45 UTC 2022 x86_64 x86_64 x86_64 GNU/Linux - CentOS Linux 7 (Core)
DEBUG 2022-03-06 06:07:47.655 UTC: 	 Executing command: 'status'
DEBUG 2022-03-06 06:07:47.656 UTC: 	 Found CRAB cache file /afs/cern.ch/user/z/zhenggan/.crab3
ERROR 2022-03-06 06:07:47.793 UTC: 	 Cannot find .requestcache file in CRAB project directory /afs/cern.ch/user/z/zhenggan/work_space/CMSSW_12_1_0_pre4/src/HardQCD_Generation_HGCal/EDM_RECO_Production/crab_project_24Feb_2022_RECO_PAT
ERROR 2022-03-06 06:07:47.793 UTC: 	 Caught ClientException exception
Traceback (most recent call last):
  File "/cvmfs/cms.cern.ch/share/cms/crab-prod/v3.220210.00/bin/crab.py", line 162, in <module>
    client()
  File "/cvmfs/cms.cern.ch/share/cms/crab-prod/v3.220210.00/bin/crab.py", line 147, in __call__
    self.cmd = sub_cmd(self.logger, args[1:])
  File "/cvmfs/cms.cern.ch/share/cms/crab-prod/v3.220210.00/lib/CRABClient/Commands/status.py", line 48, in __init__
    SubCommand.__init__(self, logger, cmdargs)
  File "/cvmfs/cms.cern.ch/share/cms/crab-prod/v3.220210.00/lib/CRABClient/Commands/SubCommand.py", line 275, in __init__
    SubCommand.validateOptions(self)
  File "/cvmfs/cms.cern.ch/share/cms/crab-prod/v3.220210.00/lib/CRABClient/Commands/SubCommand.py", line 646, in validateOptions
    self.loadLocalCache()
  File "/cvmfs/cms.cern.ch/share/cms/crab-prod/v3.220210.00/lib/CRABClient/Commands/SubCommand.py", line 508, in loadLocalCache
    raise ex
  File "/cvmfs/cms.cern.ch/share/cms/crab-prod/v3.220210.00/lib/CRABClient/Commands/SubCommand.py", line 502, in loadLocalCache
    self.cachedinfo, self.logfile = loadCache(self.requestarea, self.logger)
  File "/cvmfs/cms.cern.ch/share/cms/crab-prod/v3.220210.00/lib/CRABClient/ClientUtilities.py", line 440, in loadCache
    raise CachefileNotFoundException(msg)
CRABClient.ClientExceptions.CachefileNotFoundException: Cannot find .requestcache file in CRAB project directory /afs/cern.ch/user/z/zhenggan/work_space/CMSSW_12_1_0_pre4/src/HardQCD_Generation_HGCal/EDM_RECO_Production/crab_project_24Feb_2022_RECO_PAT
INFO 2022-03-06 06:07:47.801 UTC: 	 Log file is /afs/cern.ch/user/z/zhenggan/work_space/CMSSW_12_1_0_pre4/src/HardQCD_Generation_HGCal/Ntuple_Production/crab.log
